<?xml version="1.0" encoding="UTF-8"?>
<TestRun id="1af791b3-f7fe-4872-b430-a8e0bd58aff3" name="Dan@KARDIA7 2012-12-30 23:59:11" runUser="Kardia7\Dan" xmlns="http://microsoft.com/schemas/VisualStudio/TeamTest/2010">
  <TestSettings name="ローカル" id="16785457-818c-483b-bda1-61626e588443">
    <Description>これらはローカル テスト実行用の既定のテスト設定です。</Description>
    <Deployment userDeploymentRoot="C:\Users\Dan\Dropbox\ZoneIDRemover\TestResults" useDefaultDeploymentRoot="false" enabled="false" runDeploymentRoot="Dan_KARDIA7 2012-12-30 23_59_11">
      <DeploymentItem filename="C:\Users\Dan\Dropbox\CommonLibrary\ファイル屋\bin\Debug\ファイル屋.dll" />
      <DeploymentItem filename="C:\Users\Dan\Dropbox\Demos\NtfsStreams\Trinet.Core.IO.Ntfs\bin\Debug\Trinet.Core.IO.Ntfs.dll" />
    </Deployment>
    <Execution>
      <TestTypeSpecific />
      <AgentRule name="Execution Agents">
      </AgentRule>
    </Execution>
  </TestSettings>
  <Times creation="2012-12-30T23:59:11.0359848+09:00" queuing="2012-12-30T23:59:12.7320818+09:00" start="2012-12-30T23:59:12.8410880+09:00" finish="2012-12-31T00:01:14.1770280+09:00" />
  <ResultSummary outcome="Error">
    <Counters total="1" executed="1" error="0" failed="0" timeout="0" aborted="1" inconclusive="0" passedButRunAborted="0" notRunnable="0" notExecuted="0" disconnected="0" warning="0" passed="0" completed="0" inProgress="0" pending="0" />
    <RunInfos>
      <RunInfo computerName="KARDIA7" outcome="Error" timestamp="2012-12-31T00:01:14.1760280+09:00">
        <Text>テストのホスト プロセスは予期せずに終了しました。</Text>
      </RunInfo>
    </RunInfos>
  </ResultSummary>
  <TestDefinitions>
    <UnitTest name="全ファイル取得Test" storage="c:\users\dan\dropbox\zoneidremover\test_ファイル屋\bin\debug\test_ファイル屋.dll" id="8eee6679-5d1f-6f07-d61c-c765fdaf8167">
      <Execution id="b4cd6c6c-7eb5-46bc-a563-3448de7a70b3" />
      <TestMethod codeBase="C:/Users/Dan/Dropbox/ZoneIDRemover/TEST_ファイル屋/bin/Debug/TEST_ファイル屋.DLL" adapterTypeName="Microsoft.VisualStudio.TestTools.TestTypes.Unit.UnitTestAdapter, Microsoft.VisualStudio.QualityTools.Tips.UnitTest.Adapter, Version=10.0.0.0, Culture=neutral, PublicKeyToken=b03f5f7f11d50a3a" className="TEST_ファイル屋.FileExTest, TEST_ファイル屋, Version=1.0.0.0, Culture=neutral, PublicKeyToken=null" name="全ファイル取得Test" />
    </UnitTest>
  </TestDefinitions>
  <TestLists>
    <TestList name="一覧に存在しない結果" id="8c84fa94-04c1-424b-9868-57a2d4851a1d" />
    <TestList name="読み込まれたすべての結果" id="19431567-8539-422a-85d7-44ee4e166bda" />
  </TestLists>
  <TestEntries>
    <TestEntry testId="8eee6679-5d1f-6f07-d61c-c765fdaf8167" executionId="b4cd6c6c-7eb5-46bc-a563-3448de7a70b3" testListId="8c84fa94-04c1-424b-9868-57a2d4851a1d" />
  </TestEntries>
  <Results>
    <UnitTestResult executionId="b4cd6c6c-7eb5-46bc-a563-3448de7a70b3" testId="8eee6679-5d1f-6f07-d61c-c765fdaf8167" testName="全ファイル取得Test" computerName="KARDIA7" duration="00:02:01.2289339" startTime="2012-12-30T23:59:12.9480941+09:00" endTime="2012-12-31T00:01:14.1770280+09:00" testType="13cdc9d9-ddb5-4fa4-a97d-d965ccfc6d4b" outcome="Aborted" testListId="8c84fa94-04c1-424b-9868-57a2d4851a1d" relativeResultsDirectory="b4cd6c6c-7eb5-46bc-a563-3448de7a70b3">
    </UnitTestResult>
  </Results>
</TestRun>