<?xml version="1.0" encoding="UTF-8"?>
<TestRun id="88650ad7-fd97-4c0d-8b18-21e6ebb7bf2b" name="Dan@KARDIA7 2012-12-31 00:02:26" runUser="Kardia7\Dan" xmlns="http://microsoft.com/schemas/VisualStudio/TeamTest/2010">
  <TestSettings name="ローカル" id="16785457-818c-483b-bda1-61626e588443">
    <Description>これらはローカル テスト実行用の既定のテスト設定です。</Description>
    <Deployment enabled="false" runDeploymentRoot="Dan_KARDIA7 2012-12-31 00_02_26">
      <DeploymentItem filename="C:\Users\Dan\Dropbox\CommonLibrary\ファイル屋\bin\Debug\ファイル屋.dll" />
      <DeploymentItem filename="C:\Users\Dan\Dropbox\Demos\NtfsStreams\Trinet.Core.IO.Ntfs\bin\Debug\Trinet.Core.IO.Ntfs.dll" />
    </Deployment>
    <Execution>
      <TestTypeSpecific />
      <AgentRule name="Execution Agents">
      </AgentRule>
    </Execution>
  </TestSettings>
  <Times creation="2012-12-31T00:02:26.2521505+09:00" queuing="2012-12-31T00:02:26.7811807+09:00" start="2012-12-31T00:02:26.8041821+09:00" finish="2012-12-31T00:02:27.2342067+09:00" />
  <ResultSummary outcome="Failed">
    <Counters total="1" executed="1" error="0" failed="1" timeout="0" aborted="0" inconclusive="0" passedButRunAborted="0" notRunnable="0" notExecuted="0" disconnected="0" warning="0" passed="0" completed="0" inProgress="0" pending="0" />
  </ResultSummary>
  <TestDefinitions>
    <UnitTest name="全ファイル取得Test" storage="c:\users\dan\dropbox\zoneidremover\test_ファイル屋\bin\debug\test_ファイル屋.dll" id="8eee6679-5d1f-6f07-d61c-c765fdaf8167">
      <Execution id="8cc8214a-bc55-4975-ae34-d6829c36d459" />
      <TestMethod codeBase="C:/Users/Dan/Dropbox/ZoneIDRemover/TEST_ファイル屋/bin/Debug/TEST_ファイル屋.DLL" adapterTypeName="Microsoft.VisualStudio.TestTools.TestTypes.Unit.UnitTestAdapter, Microsoft.VisualStudio.QualityTools.Tips.UnitTest.Adapter, Version=10.0.0.0, Culture=neutral, PublicKeyToken=b03f5f7f11d50a3a" className="TEST_ファイル屋.FileExTest, TEST_ファイル屋, Version=1.0.0.0, Culture=neutral, PublicKeyToken=null" name="全ファイル取得Test" />
    </UnitTest>
  </TestDefinitions>
  <TestLists>
    <TestList name="一覧に存在しない結果" id="8c84fa94-04c1-424b-9868-57a2d4851a1d" />
    <TestList name="読み込まれたすべての結果" id="19431567-8539-422a-85d7-44ee4e166bda" />
  </TestLists>
  <TestEntries>
    <TestEntry testId="8eee6679-5d1f-6f07-d61c-c765fdaf8167" executionId="8cc8214a-bc55-4975-ae34-d6829c36d459" testListId="8c84fa94-04c1-424b-9868-57a2d4851a1d" />
  </TestEntries>
  <Results>
    <UnitTestResult executionId="8cc8214a-bc55-4975-ae34-d6829c36d459" testId="8eee6679-5d1f-6f07-d61c-c765fdaf8167" testName="全ファイル取得Test" computerName="KARDIA7" duration="00:00:00.2200968" startTime="2012-12-31T00:02:26.8111825+09:00" endTime="2012-12-31T00:02:27.2172057+09:00" testType="13cdc9d9-ddb5-4fa4-a97d-d965ccfc6d4b" outcome="Failed" testListId="8c84fa94-04c1-424b-9868-57a2d4851a1d" relativeResultsDirectory="8cc8214a-bc55-4975-ae34-d6829c36d459">
      <Output>
        <ErrorInfo>
          <Message>Assert.AreEqual に失敗しました。&lt;System.String[]&gt; が必要ですが、&lt;System.String[]&gt; が指定されました。</Message>
          <StackTrace>   場所 TEST_ファイル屋.FileExTest.全ファイル取得Test() 場所 C:\Users\Dan\Dropbox\ZoneIDRemover\TEST_ファイル屋\FileExTest.cs:行 86
</StackTrace>
        </ErrorInfo>
      </Output>
    </UnitTestResult>
  </Results>
</TestRun>